<?xml version="1.0" encoding="UTF-8"?>
<!-- Generated by org.testng.reporters.JUnitReportReporter -->
<testsuite name="com.TestCase.HomePage_TestCase" tests="1" time="27.220" ignored="0" failures="0" timestamp="13 Jul 2017 07:51:11 GMT" skipped="0" hostname="Lenovo-PC" errors="0">
  <testcase name="homePageValidation" time="27.220" classname="com.TestCase.HomePage_TestCase"/>
</testsuite> <!-- com.TestCase.HomePage_TestCase -->
