<?xml version="1.0" encoding="UTF-8"?>
<!-- Generated by org.testng.reporters.JUnitReportReporter -->
<testsuite name="com.TestCase.EMIS_TestCase" tests="1" time="87.016" ignored="0" failures="0" timestamp="14 Jul 2017 19:42:35 GMT" skipped="0" hostname="Lenovo-PC" errors="0">
  <testcase name="homePageValidation" time="87.016" classname="com.TestCase.EMIS_TestCase"/>
</testsuite> <!-- com.TestCase.EMIS_TestCase -->
